2020-05-25 08:48:16 [scrapy.utils.log] INFO: Scrapy 2.1.0 started (bot: amazonas)
2020-05-25 08:48:16 [scrapy.utils.log] INFO: Versions: lxml 4.5.0.0, libxml2 2.9.9, cssselect 1.1.0, parsel 1.5.2, w3lib 1.20.0, Twisted 20.3.0, Python 3.7.3 (default, Mar 27 2019, 22:11:17) - [GCC 7.3.0], pyOpenSSL 19.1.0 (OpenSSL 1.1.1g  21 Apr 2020), cryptography 2.8, Platform Linux-5.3.0-1019-aws-x86_64-with-debian-buster-sid
2020-05-25 08:48:16 [scrapy.crawler] INFO: Overridden settings:
{'BOT_NAME': 'amazonas',
 'LOG_FILE': 'logfile.log',
 'LOG_LEVEL': 'INFO',
 'NEWSPIDER_MODULE': 'amazonas.spiders',
 'ROBOTSTXT_OBEY': True,
 'SPIDER_MODULES': ['amazonas.spiders']}
2020-05-25 08:48:16 [scrapy.extensions.telnet] INFO: Telnet Password: fe5751e9c83098e3
2020-05-25 08:48:16 [scrapy.middleware] INFO: Enabled extensions:
['scrapy.extensions.corestats.CoreStats',
 'scrapy.extensions.telnet.TelnetConsole',
 'scrapy.extensions.memusage.MemoryUsage',
 'scrapy.extensions.feedexport.FeedExporter',
 'scrapy.extensions.logstats.LogStats']
2020-05-25 08:48:16 [scrapy.middleware] INFO: Enabled downloader middlewares:
['scrapy.downloadermiddlewares.robotstxt.RobotsTxtMiddleware',
 'scrapy.downloadermiddlewares.httpauth.HttpAuthMiddleware',
 'scrapy.downloadermiddlewares.downloadtimeout.DownloadTimeoutMiddleware',
 'scrapy.downloadermiddlewares.defaultheaders.DefaultHeadersMiddleware',
 'scrapy.downloadermiddlewares.useragent.UserAgentMiddleware',
 'scrapy.downloadermiddlewares.retry.RetryMiddleware',
 'scrapy.downloadermiddlewares.redirect.MetaRefreshMiddleware',
 'scrapy.downloadermiddlewares.httpcompression.HttpCompressionMiddleware',
 'scrapy.downloadermiddlewares.redirect.RedirectMiddleware',
 'scrapy.downloadermiddlewares.cookies.CookiesMiddleware',
 'scrapy.downloadermiddlewares.httpproxy.HttpProxyMiddleware',
 'scrapy.downloadermiddlewares.stats.DownloaderStats']
2020-05-25 08:48:16 [scrapy.middleware] INFO: Enabled spider middlewares:
['scrapy.spidermiddlewares.httperror.HttpErrorMiddleware',
 'scrapy.spidermiddlewares.offsite.OffsiteMiddleware',
 'scrapy.spidermiddlewares.referer.RefererMiddleware',
 'scrapy.spidermiddlewares.urllength.UrlLengthMiddleware',
 'scrapy.spidermiddlewares.depth.DepthMiddleware']
2020-05-25 08:48:16 [scrapy.middleware] INFO: Enabled item pipelines:
[]
2020-05-25 08:48:16 [scrapy.core.engine] INFO: Spider opened
2020-05-25 08:48:16 [scrapy.extensions.logstats] INFO: Crawled 0 pages (at 0 pages/min), scraped 0 items (at 0 items/min)
2020-05-25 08:48:16 [scrapy.extensions.telnet] INFO: Telnet console listening on 127.0.0.1:6023
2020-05-25 08:48:44 [scrapy.core.engine] INFO: Closing spider (finished)
2020-05-25 08:48:44 [scrapy.extensions.feedexport] INFO: Stored csv feed (16 items) in: hospitalization.csv
2020-05-25 08:48:44 [scrapy.statscollectors] INFO: Dumping Scrapy stats:
{'downloader/request_bytes': 48391,
 'downloader/request_count': 134,
 'downloader/request_method_count/GET': 134,
 'downloader/response_bytes': 1133420,
 'downloader/response_count': 134,
 'downloader/response_status_count/200': 133,
 'downloader/response_status_count/301': 1,
 'elapsed_time_seconds': 28.356953,
 'finish_reason': 'finished',
 'finish_time': datetime.datetime(2020, 5, 25, 11, 48, 44, 766911),
 'item_scraped_count': 16,
 'log_count/INFO': 11,
 'memusage/max': 54984704,
 'memusage/startup': 54984704,
 'request_depth_max': 1,
 'response_received_count': 133,
 'robotstxt/request_count': 1,
 'robotstxt/response_count': 1,
 'robotstxt/response_status_count/200': 1,
 'scheduler/dequeued': 133,
 'scheduler/dequeued/memory': 133,
 'scheduler/enqueued': 133,
 'scheduler/enqueued/memory': 133,
 'start_time': datetime.datetime(2020, 5, 25, 11, 48, 16, 409958)}
2020-05-25 08:48:44 [scrapy.core.engine] INFO: Spider closed (finished)
2020-05-26 09:34:28 [scrapy.utils.log] INFO: Scrapy 2.1.0 started (bot: amazonas)
2020-05-26 09:34:28 [scrapy.utils.log] INFO: Versions: lxml 4.5.0.0, libxml2 2.9.9, cssselect 1.1.0, parsel 1.5.2, w3lib 1.20.0, Twisted 20.3.0, Python 3.7.3 (default, Mar 27 2019, 22:11:17) - [GCC 7.3.0], pyOpenSSL 19.1.0 (OpenSSL 1.1.1g  21 Apr 2020), cryptography 2.8, Platform Linux-5.3.0-1019-aws-x86_64-with-debian-buster-sid
2020-05-26 09:34:28 [scrapy.crawler] INFO: Overridden settings:
{'BOT_NAME': 'amazonas',
 'LOG_FILE': 'logfile.log',
 'LOG_LEVEL': 'INFO',
 'NEWSPIDER_MODULE': 'amazonas.spiders',
 'ROBOTSTXT_OBEY': True,
 'SPIDER_MODULES': ['amazonas.spiders']}
2020-05-26 09:34:28 [scrapy.extensions.telnet] INFO: Telnet Password: bd195160cb1902ff
2020-05-26 09:34:28 [scrapy.middleware] INFO: Enabled extensions:
['scrapy.extensions.corestats.CoreStats',
 'scrapy.extensions.telnet.TelnetConsole',
 'scrapy.extensions.memusage.MemoryUsage',
 'scrapy.extensions.logstats.LogStats']
2020-05-26 09:34:28 [scrapy.middleware] INFO: Enabled downloader middlewares:
['scrapy.downloadermiddlewares.robotstxt.RobotsTxtMiddleware',
 'scrapy.downloadermiddlewares.httpauth.HttpAuthMiddleware',
 'scrapy.downloadermiddlewares.downloadtimeout.DownloadTimeoutMiddleware',
 'scrapy.downloadermiddlewares.defaultheaders.DefaultHeadersMiddleware',
 'scrapy.downloadermiddlewares.useragent.UserAgentMiddleware',
 'scrapy.downloadermiddlewares.retry.RetryMiddleware',
 'scrapy.downloadermiddlewares.redirect.MetaRefreshMiddleware',
 'scrapy.downloadermiddlewares.httpcompression.HttpCompressionMiddleware',
 'scrapy.downloadermiddlewares.redirect.RedirectMiddleware',
 'scrapy.downloadermiddlewares.cookies.CookiesMiddleware',
 'scrapy.downloadermiddlewares.httpproxy.HttpProxyMiddleware',
 'scrapy.downloadermiddlewares.stats.DownloaderStats']
2020-05-26 09:34:28 [scrapy.middleware] INFO: Enabled spider middlewares:
['scrapy.spidermiddlewares.httperror.HttpErrorMiddleware',
 'scrapy.spidermiddlewares.offsite.OffsiteMiddleware',
 'scrapy.spidermiddlewares.referer.RefererMiddleware',
 'scrapy.spidermiddlewares.urllength.UrlLengthMiddleware',
 'scrapy.spidermiddlewares.depth.DepthMiddleware']
2020-05-26 09:34:28 [scrapy.middleware] INFO: Enabled item pipelines:
[]
2020-05-26 09:34:28 [scrapy.core.engine] INFO: Spider opened
2020-05-26 09:34:28 [scrapy.extensions.logstats] INFO: Crawled 0 pages (at 0 pages/min), scraped 0 items (at 0 items/min)
2020-05-26 09:34:28 [scrapy.extensions.telnet] INFO: Telnet console listening on 127.0.0.1:6023
2020-05-26 09:34:30 [scrapy.core.engine] INFO: Closing spider (finished)
2020-05-26 09:34:30 [scrapy.statscollectors] INFO: Dumping Scrapy stats:
{'downloader/request_bytes': 7426,
 'downloader/request_count': 22,
 'downloader/request_method_count/GET': 22,
 'downloader/response_bytes': 592492,
 'downloader/response_count': 22,
 'downloader/response_status_count/200': 22,
 'elapsed_time_seconds': 1.651597,
 'finish_reason': 'finished',
 'finish_time': datetime.datetime(2020, 5, 26, 12, 34, 30, 92411),
 'log_count/INFO': 10,
 'memusage/max': 54497280,
 'memusage/startup': 54497280,
 'request_depth_max': 1,
 'response_received_count': 22,
 'robotstxt/request_count': 1,
 'robotstxt/response_count': 1,
 'robotstxt/response_status_count/200': 1,
 'scheduler/dequeued': 21,
 'scheduler/dequeued/memory': 21,
 'scheduler/enqueued': 21,
 'scheduler/enqueued/memory': 21,
 'start_time': datetime.datetime(2020, 5, 26, 12, 34, 28, 440814)}
2020-05-26 09:34:30 [scrapy.core.engine] INFO: Spider closed (finished)
2020-05-27 10:07:49 [scrapy.utils.log] INFO: Scrapy 2.1.0 started (bot: amazonas)
2020-05-27 10:07:49 [scrapy.utils.log] INFO: Versions: lxml 4.5.0.0, libxml2 2.9.9, cssselect 1.1.0, parsel 1.5.2, w3lib 1.20.0, Twisted 20.3.0, Python 3.7.3 (default, Mar 27 2019, 22:11:17) - [GCC 7.3.0], pyOpenSSL 19.1.0 (OpenSSL 1.1.1g  21 Apr 2020), cryptography 2.8, Platform Linux-5.3.0-1019-aws-x86_64-with-debian-buster-sid
2020-05-27 10:07:49 [scrapy.crawler] INFO: Overridden settings:
{'BOT_NAME': 'amazonas',
 'LOG_FILE': 'logfile.log',
 'LOG_LEVEL': 'INFO',
 'NEWSPIDER_MODULE': 'amazonas.spiders',
 'ROBOTSTXT_OBEY': True,
 'SPIDER_MODULES': ['amazonas.spiders']}
2020-05-27 10:07:49 [scrapy.extensions.telnet] INFO: Telnet Password: 8c7d12b3cc6d9b65
2020-05-27 10:07:49 [scrapy.middleware] INFO: Enabled extensions:
['scrapy.extensions.corestats.CoreStats',
 'scrapy.extensions.telnet.TelnetConsole',
 'scrapy.extensions.memusage.MemoryUsage',
 'scrapy.extensions.logstats.LogStats']
2020-05-27 10:07:49 [scrapy.middleware] INFO: Enabled downloader middlewares:
['scrapy.downloadermiddlewares.robotstxt.RobotsTxtMiddleware',
 'scrapy.downloadermiddlewares.httpauth.HttpAuthMiddleware',
 'scrapy.downloadermiddlewares.downloadtimeout.DownloadTimeoutMiddleware',
 'scrapy.downloadermiddlewares.defaultheaders.DefaultHeadersMiddleware',
 'scrapy.downloadermiddlewares.useragent.UserAgentMiddleware',
 'scrapy.downloadermiddlewares.retry.RetryMiddleware',
 'scrapy.downloadermiddlewares.redirect.MetaRefreshMiddleware',
 'scrapy.downloadermiddlewares.httpcompression.HttpCompressionMiddleware',
 'scrapy.downloadermiddlewares.redirect.RedirectMiddleware',
 'scrapy.downloadermiddlewares.cookies.CookiesMiddleware',
 'scrapy.downloadermiddlewares.httpproxy.HttpProxyMiddleware',
 'scrapy.downloadermiddlewares.stats.DownloaderStats']
2020-05-27 10:07:49 [scrapy.middleware] INFO: Enabled spider middlewares:
['scrapy.spidermiddlewares.httperror.HttpErrorMiddleware',
 'scrapy.spidermiddlewares.offsite.OffsiteMiddleware',
 'scrapy.spidermiddlewares.referer.RefererMiddleware',
 'scrapy.spidermiddlewares.urllength.UrlLengthMiddleware',
 'scrapy.spidermiddlewares.depth.DepthMiddleware']
2020-05-27 10:07:49 [scrapy.middleware] INFO: Enabled item pipelines:
[]
2020-05-27 10:07:49 [scrapy.core.engine] INFO: Spider opened
2020-05-27 10:07:49 [scrapy.extensions.logstats] INFO: Crawled 0 pages (at 0 pages/min), scraped 0 items (at 0 items/min)
2020-05-27 10:07:49 [scrapy.extensions.telnet] INFO: Telnet console listening on 127.0.0.1:6023
2020-05-27 10:07:50 [scrapy.core.scraper] ERROR: Spider error processing <GET http://www.fvs.am.gov.br/noticias_view/3935> (referer: http://www.fvs.am.gov.br/noticias)
Traceback (most recent call last):
  File "/home/ubuntu/anaconda3/lib/python3.7/site-packages/scrapy/utils/defer.py", line 117, in iter_errback
    yield next(it)
  File "/home/ubuntu/anaconda3/lib/python3.7/site-packages/scrapy/utils/python.py", line 345, in __next__
    return next(self.data)
  File "/home/ubuntu/anaconda3/lib/python3.7/site-packages/scrapy/utils/python.py", line 345, in __next__
    return next(self.data)
  File "/home/ubuntu/anaconda3/lib/python3.7/site-packages/scrapy/core/spidermw.py", line 64, in _evaluate_iterable
    for r in iterable:
  File "/home/ubuntu/anaconda3/lib/python3.7/site-packages/scrapy/spidermiddlewares/offsite.py", line 29, in process_spider_output
    for x in result:
  File "/home/ubuntu/anaconda3/lib/python3.7/site-packages/scrapy/core/spidermw.py", line 64, in _evaluate_iterable
    for r in iterable:
  File "/home/ubuntu/anaconda3/lib/python3.7/site-packages/scrapy/spidermiddlewares/referer.py", line 338, in <genexpr>
    return (_set_referer(r) for r in result or ())
  File "/home/ubuntu/anaconda3/lib/python3.7/site-packages/scrapy/core/spidermw.py", line 64, in _evaluate_iterable
    for r in iterable:
  File "/home/ubuntu/anaconda3/lib/python3.7/site-packages/scrapy/spidermiddlewares/urllength.py", line 37, in <genexpr>
    return (r for r in result or () if _filter(r))
  File "/home/ubuntu/anaconda3/lib/python3.7/site-packages/scrapy/core/spidermw.py", line 64, in _evaluate_iterable
    for r in iterable:
  File "/home/ubuntu/anaconda3/lib/python3.7/site-packages/scrapy/spidermiddlewares/depth.py", line 58, in <genexpr>
    return (r for r in result or () if _filter(r))
  File "/home/ubuntu/anaconda3/lib/python3.7/site-packages/scrapy/core/spidermw.py", line 64, in _evaluate_iterable
    for r in iterable:
  File "/home/ubuntu/anaconda3/lib/python3.7/site-packages/scrapy/spiders/crawl.py", line 116, in _parse_response
    cb_res = callback(response, **cb_kwargs) or ()
  File "/home/ubuntu/scripts/load-dados-covid-19/scrapy/amazonas/amazonas/spiders/hospitalization.py", line 92, in parse_item
    result = self.parse_rows(rows)
  File "/home/ubuntu/scripts/load-dados-covid-19/scrapy/amazonas/amazonas/spiders/hospitalization.py", line 67, in parse_rows
    icu_beds = [int(x) for x in re.search(r'\d+(\.\d+)? leitos de uti',rows[i+1]).group().split() if x.isdigit()][0]
AttributeError: 'NoneType' object has no attribute 'group'
2020-05-27 10:07:50 [scrapy.core.engine] INFO: Closing spider (finished)
2020-05-27 10:07:50 [scrapy.statscollectors] INFO: Dumping Scrapy stats:
{'downloader/request_bytes': 7426,
 'downloader/request_count': 22,
 'downloader/request_method_count/GET': 22,
 'downloader/response_bytes': 596727,
 'downloader/response_count': 22,
 'downloader/response_status_count/200': 22,
 'elapsed_time_seconds': 1.80675,
 'finish_reason': 'finished',
 'finish_time': datetime.datetime(2020, 5, 27, 13, 7, 50, 994615),
 'log_count/ERROR': 1,
 'log_count/INFO': 10,
 'memusage/max': 54808576,
 'memusage/startup': 54808576,
 'request_depth_max': 1,
 'response_received_count': 22,
 'robotstxt/request_count': 1,
 'robotstxt/response_count': 1,
 'robotstxt/response_status_count/200': 1,
 'scheduler/dequeued': 21,
 'scheduler/dequeued/memory': 21,
 'scheduler/enqueued': 21,
 'scheduler/enqueued/memory': 21,
 'spider_exceptions/AttributeError': 1,
 'start_time': datetime.datetime(2020, 5, 27, 13, 7, 49, 187865)}
2020-05-27 10:07:50 [scrapy.core.engine] INFO: Spider closed (finished)
2020-05-27 10:11:37 [scrapy.utils.log] INFO: Scrapy 2.1.0 started (bot: amazonas)
2020-05-27 10:11:37 [scrapy.utils.log] INFO: Versions: lxml 4.5.0.0, libxml2 2.9.9, cssselect 1.1.0, parsel 1.5.2, w3lib 1.20.0, Twisted 20.3.0, Python 3.7.3 (default, Mar 27 2019, 22:11:17) - [GCC 7.3.0], pyOpenSSL 19.1.0 (OpenSSL 1.1.1g  21 Apr 2020), cryptography 2.8, Platform Linux-5.3.0-1019-aws-x86_64-with-debian-buster-sid
2020-05-27 10:11:37 [scrapy.crawler] INFO: Overridden settings:
{'BOT_NAME': 'amazonas',
 'DUPEFILTER_CLASS': 'scrapy.dupefilters.BaseDupeFilter',
 'LOGSTATS_INTERVAL': 0,
 'LOG_FILE': 'logfile.log',
 'LOG_LEVEL': 'INFO',
 'NEWSPIDER_MODULE': 'amazonas.spiders',
 'ROBOTSTXT_OBEY': True,
 'SPIDER_MODULES': ['amazonas.spiders']}
2020-05-27 10:11:37 [scrapy.extensions.telnet] INFO: Telnet Password: 9c3500ba9b0a2908
2020-05-27 10:11:37 [scrapy.middleware] INFO: Enabled extensions:
['scrapy.extensions.corestats.CoreStats',
 'scrapy.extensions.telnet.TelnetConsole',
 'scrapy.extensions.memusage.MemoryUsage']
2020-05-27 10:11:37 [scrapy.middleware] INFO: Enabled downloader middlewares:
['scrapy.downloadermiddlewares.robotstxt.RobotsTxtMiddleware',
 'scrapy.downloadermiddlewares.httpauth.HttpAuthMiddleware',
 'scrapy.downloadermiddlewares.downloadtimeout.DownloadTimeoutMiddleware',
 'scrapy.downloadermiddlewares.defaultheaders.DefaultHeadersMiddleware',
 'scrapy.downloadermiddlewares.useragent.UserAgentMiddleware',
 'scrapy.downloadermiddlewares.retry.RetryMiddleware',
 'scrapy.downloadermiddlewares.redirect.MetaRefreshMiddleware',
 'scrapy.downloadermiddlewares.httpcompression.HttpCompressionMiddleware',
 'scrapy.downloadermiddlewares.redirect.RedirectMiddleware',
 'scrapy.downloadermiddlewares.cookies.CookiesMiddleware',
 'scrapy.downloadermiddlewares.httpproxy.HttpProxyMiddleware',
 'scrapy.downloadermiddlewares.stats.DownloaderStats']
2020-05-27 10:11:37 [scrapy.middleware] INFO: Enabled spider middlewares:
['scrapy.spidermiddlewares.httperror.HttpErrorMiddleware',
 'scrapy.spidermiddlewares.offsite.OffsiteMiddleware',
 'scrapy.spidermiddlewares.referer.RefererMiddleware',
 'scrapy.spidermiddlewares.urllength.UrlLengthMiddleware',
 'scrapy.spidermiddlewares.depth.DepthMiddleware']
2020-05-27 10:11:37 [scrapy.middleware] INFO: Enabled item pipelines:
[]
2020-05-27 10:11:37 [scrapy.extensions.telnet] INFO: Telnet console listening on 127.0.0.1:6023
2020-05-27 10:11:37 [scrapy.core.engine] INFO: Spider opened
2020-05-27 10:14:39 [scrapy.utils.log] INFO: Scrapy 2.1.0 started (bot: amazonas)
2020-05-27 10:14:39 [scrapy.utils.log] INFO: Versions: lxml 4.5.0.0, libxml2 2.9.9, cssselect 1.1.0, parsel 1.5.2, w3lib 1.20.0, Twisted 20.3.0, Python 3.7.3 (default, Mar 27 2019, 22:11:17) - [GCC 7.3.0], pyOpenSSL 19.1.0 (OpenSSL 1.1.1g  21 Apr 2020), cryptography 2.8, Platform Linux-5.3.0-1019-aws-x86_64-with-debian-buster-sid
2020-05-27 10:14:39 [scrapy.crawler] INFO: Overridden settings:
{'BOT_NAME': 'amazonas',
 'DUPEFILTER_CLASS': 'scrapy.dupefilters.BaseDupeFilter',
 'LOGSTATS_INTERVAL': 0,
 'LOG_FILE': 'logfile.log',
 'LOG_LEVEL': 'INFO',
 'NEWSPIDER_MODULE': 'amazonas.spiders',
 'ROBOTSTXT_OBEY': True,
 'SPIDER_MODULES': ['amazonas.spiders']}
2020-05-27 10:14:39 [scrapy.extensions.telnet] INFO: Telnet Password: dd8a2cf87cc68549
2020-05-27 10:14:39 [scrapy.middleware] INFO: Enabled extensions:
['scrapy.extensions.corestats.CoreStats',
 'scrapy.extensions.telnet.TelnetConsole',
 'scrapy.extensions.memusage.MemoryUsage']
2020-05-27 10:14:39 [scrapy.middleware] INFO: Enabled downloader middlewares:
['scrapy.downloadermiddlewares.robotstxt.RobotsTxtMiddleware',
 'scrapy.downloadermiddlewares.httpauth.HttpAuthMiddleware',
 'scrapy.downloadermiddlewares.downloadtimeout.DownloadTimeoutMiddleware',
 'scrapy.downloadermiddlewares.defaultheaders.DefaultHeadersMiddleware',
 'scrapy.downloadermiddlewares.useragent.UserAgentMiddleware',
 'scrapy.downloadermiddlewares.retry.RetryMiddleware',
 'scrapy.downloadermiddlewares.redirect.MetaRefreshMiddleware',
 'scrapy.downloadermiddlewares.httpcompression.HttpCompressionMiddleware',
 'scrapy.downloadermiddlewares.redirect.RedirectMiddleware',
 'scrapy.downloadermiddlewares.cookies.CookiesMiddleware',
 'scrapy.downloadermiddlewares.httpproxy.HttpProxyMiddleware',
 'scrapy.downloadermiddlewares.stats.DownloaderStats']
2020-05-27 10:14:39 [scrapy.middleware] INFO: Enabled spider middlewares:
['scrapy.spidermiddlewares.httperror.HttpErrorMiddleware',
 'scrapy.spidermiddlewares.offsite.OffsiteMiddleware',
 'scrapy.spidermiddlewares.referer.RefererMiddleware',
 'scrapy.spidermiddlewares.urllength.UrlLengthMiddleware',
 'scrapy.spidermiddlewares.depth.DepthMiddleware']
2020-05-27 10:14:39 [scrapy.middleware] INFO: Enabled item pipelines:
[]
2020-05-27 10:14:39 [scrapy.extensions.telnet] INFO: Telnet console listening on 127.0.0.1:6023
2020-05-27 10:14:39 [scrapy.core.engine] INFO: Spider opened
2020-05-27 10:14:58 [scrapy.utils.log] INFO: Scrapy 2.1.0 started (bot: amazonas)
2020-05-27 10:14:58 [scrapy.utils.log] INFO: Versions: lxml 4.5.0.0, libxml2 2.9.9, cssselect 1.1.0, parsel 1.5.2, w3lib 1.20.0, Twisted 20.3.0, Python 3.7.3 (default, Mar 27 2019, 22:11:17) - [GCC 7.3.0], pyOpenSSL 19.1.0 (OpenSSL 1.1.1g  21 Apr 2020), cryptography 2.8, Platform Linux-5.3.0-1019-aws-x86_64-with-debian-buster-sid
2020-05-27 10:14:58 [scrapy.crawler] INFO: Overridden settings:
{'BOT_NAME': 'amazonas',
 'DUPEFILTER_CLASS': 'scrapy.dupefilters.BaseDupeFilter',
 'LOGSTATS_INTERVAL': 0,
 'LOG_FILE': 'logfile.log',
 'LOG_LEVEL': 'INFO',
 'NEWSPIDER_MODULE': 'amazonas.spiders',
 'ROBOTSTXT_OBEY': True,
 'SPIDER_MODULES': ['amazonas.spiders']}
2020-05-27 10:14:58 [scrapy.extensions.telnet] INFO: Telnet Password: 224c479ac300f72c
2020-05-27 10:14:59 [scrapy.middleware] INFO: Enabled extensions:
['scrapy.extensions.corestats.CoreStats',
 'scrapy.extensions.telnet.TelnetConsole',
 'scrapy.extensions.memusage.MemoryUsage']
2020-05-27 10:14:59 [scrapy.middleware] INFO: Enabled downloader middlewares:
['scrapy.downloadermiddlewares.robotstxt.RobotsTxtMiddleware',
 'scrapy.downloadermiddlewares.httpauth.HttpAuthMiddleware',
 'scrapy.downloadermiddlewares.downloadtimeout.DownloadTimeoutMiddleware',
 'scrapy.downloadermiddlewares.defaultheaders.DefaultHeadersMiddleware',
 'scrapy.downloadermiddlewares.useragent.UserAgentMiddleware',
 'scrapy.downloadermiddlewares.retry.RetryMiddleware',
 'scrapy.downloadermiddlewares.redirect.MetaRefreshMiddleware',
 'scrapy.downloadermiddlewares.httpcompression.HttpCompressionMiddleware',
 'scrapy.downloadermiddlewares.redirect.RedirectMiddleware',
 'scrapy.downloadermiddlewares.cookies.CookiesMiddleware',
 'scrapy.downloadermiddlewares.httpproxy.HttpProxyMiddleware',
 'scrapy.downloadermiddlewares.stats.DownloaderStats']
2020-05-27 10:14:59 [scrapy.middleware] INFO: Enabled spider middlewares:
['scrapy.spidermiddlewares.httperror.HttpErrorMiddleware',
 'scrapy.spidermiddlewares.offsite.OffsiteMiddleware',
 'scrapy.spidermiddlewares.referer.RefererMiddleware',
 'scrapy.spidermiddlewares.urllength.UrlLengthMiddleware',
 'scrapy.spidermiddlewares.depth.DepthMiddleware']
2020-05-27 10:14:59 [scrapy.middleware] INFO: Enabled item pipelines:
[]
2020-05-27 10:14:59 [scrapy.extensions.telnet] INFO: Telnet console listening on 127.0.0.1:6023
2020-05-27 10:14:59 [scrapy.core.engine] INFO: Spider opened
2020-05-27 10:20:00 [scrapy.utils.log] INFO: Scrapy 2.1.0 started (bot: amazonas)
2020-05-27 10:20:00 [scrapy.utils.log] INFO: Versions: lxml 4.5.0.0, libxml2 2.9.9, cssselect 1.1.0, parsel 1.5.2, w3lib 1.20.0, Twisted 20.3.0, Python 3.7.3 (default, Mar 27 2019, 22:11:17) - [GCC 7.3.0], pyOpenSSL 19.1.0 (OpenSSL 1.1.1g  21 Apr 2020), cryptography 2.8, Platform Linux-5.3.0-1019-aws-x86_64-with-debian-buster-sid
2020-05-27 10:20:00 [scrapy.crawler] INFO: Overridden settings:
{'BOT_NAME': 'amazonas',
 'LOG_FILE': 'logfile.log',
 'LOG_LEVEL': 'INFO',
 'NEWSPIDER_MODULE': 'amazonas.spiders',
 'ROBOTSTXT_OBEY': True,
 'SPIDER_MODULES': ['amazonas.spiders']}
2020-05-27 10:20:00 [scrapy.extensions.telnet] INFO: Telnet Password: 34334083479010cd
2020-05-27 10:20:00 [scrapy.middleware] INFO: Enabled extensions:
['scrapy.extensions.corestats.CoreStats',
 'scrapy.extensions.telnet.TelnetConsole',
 'scrapy.extensions.memusage.MemoryUsage',
 'scrapy.extensions.logstats.LogStats']
2020-05-27 10:20:00 [scrapy.middleware] INFO: Enabled downloader middlewares:
['scrapy.downloadermiddlewares.robotstxt.RobotsTxtMiddleware',
 'scrapy.downloadermiddlewares.httpauth.HttpAuthMiddleware',
 'scrapy.downloadermiddlewares.downloadtimeout.DownloadTimeoutMiddleware',
 'scrapy.downloadermiddlewares.defaultheaders.DefaultHeadersMiddleware',
 'scrapy.downloadermiddlewares.useragent.UserAgentMiddleware',
 'scrapy.downloadermiddlewares.retry.RetryMiddleware',
 'scrapy.downloadermiddlewares.redirect.MetaRefreshMiddleware',
 'scrapy.downloadermiddlewares.httpcompression.HttpCompressionMiddleware',
 'scrapy.downloadermiddlewares.redirect.RedirectMiddleware',
 'scrapy.downloadermiddlewares.cookies.CookiesMiddleware',
 'scrapy.downloadermiddlewares.httpproxy.HttpProxyMiddleware',
 'scrapy.downloadermiddlewares.stats.DownloaderStats']
2020-05-27 10:20:00 [scrapy.middleware] INFO: Enabled spider middlewares:
['scrapy.spidermiddlewares.httperror.HttpErrorMiddleware',
 'scrapy.spidermiddlewares.offsite.OffsiteMiddleware',
 'scrapy.spidermiddlewares.referer.RefererMiddleware',
 'scrapy.spidermiddlewares.urllength.UrlLengthMiddleware',
 'scrapy.spidermiddlewares.depth.DepthMiddleware']
2020-05-27 10:20:00 [scrapy.middleware] INFO: Enabled item pipelines:
[]
2020-05-27 10:20:00 [scrapy.core.engine] INFO: Spider opened
2020-05-27 10:20:00 [scrapy.extensions.logstats] INFO: Crawled 0 pages (at 0 pages/min), scraped 0 items (at 0 items/min)
2020-05-27 10:20:00 [scrapy.extensions.telnet] INFO: Telnet console listening on 127.0.0.1:6023
2020-05-27 10:20:01 [scrapy.core.engine] INFO: Closing spider (finished)
2020-05-27 10:20:01 [scrapy.statscollectors] INFO: Dumping Scrapy stats:
{'downloader/request_bytes': 7426,
 'downloader/request_count': 22,
 'downloader/request_method_count/GET': 22,
 'downloader/response_bytes': 596727,
 'downloader/response_count': 22,
 'downloader/response_status_count/200': 22,
 'elapsed_time_seconds': 1.469285,
 'finish_reason': 'finished',
 'finish_time': datetime.datetime(2020, 5, 27, 13, 20, 1, 706718),
 'log_count/INFO': 10,
 'memusage/max': 54898688,
 'memusage/startup': 54898688,
 'request_depth_max': 1,
 'response_received_count': 22,
 'robotstxt/request_count': 1,
 'robotstxt/response_count': 1,
 'robotstxt/response_status_count/200': 1,
 'scheduler/dequeued': 21,
 'scheduler/dequeued/memory': 21,
 'scheduler/enqueued': 21,
 'scheduler/enqueued/memory': 21,
 'start_time': datetime.datetime(2020, 5, 27, 13, 20, 0, 237433)}
2020-05-27 10:20:01 [scrapy.core.engine] INFO: Spider closed (finished)
2020-05-28 08:56:50 [scrapy.utils.log] INFO: Scrapy 2.1.0 started (bot: amazonas)
2020-05-28 08:56:50 [scrapy.utils.log] INFO: Versions: lxml 4.5.0.0, libxml2 2.9.9, cssselect 1.1.0, parsel 1.5.2, w3lib 1.20.0, Twisted 20.3.0, Python 3.7.3 (default, Mar 27 2019, 22:11:17) - [GCC 7.3.0], pyOpenSSL 19.1.0 (OpenSSL 1.1.1g  21 Apr 2020), cryptography 2.8, Platform Linux-5.3.0-1019-aws-x86_64-with-debian-buster-sid
2020-05-28 08:56:50 [scrapy.crawler] INFO: Overridden settings:
{'BOT_NAME': 'amazonas',
 'LOG_FILE': 'logfile.log',
 'LOG_LEVEL': 'INFO',
 'NEWSPIDER_MODULE': 'amazonas.spiders',
 'ROBOTSTXT_OBEY': True,
 'SPIDER_MODULES': ['amazonas.spiders']}
2020-05-28 08:56:50 [scrapy.extensions.telnet] INFO: Telnet Password: 6b27a6b2c8f98b79
2020-05-28 08:56:50 [scrapy.middleware] INFO: Enabled extensions:
['scrapy.extensions.corestats.CoreStats',
 'scrapy.extensions.telnet.TelnetConsole',
 'scrapy.extensions.memusage.MemoryUsage',
 'scrapy.extensions.logstats.LogStats']
2020-05-28 08:56:50 [scrapy.middleware] INFO: Enabled downloader middlewares:
['scrapy.downloadermiddlewares.robotstxt.RobotsTxtMiddleware',
 'scrapy.downloadermiddlewares.httpauth.HttpAuthMiddleware',
 'scrapy.downloadermiddlewares.downloadtimeout.DownloadTimeoutMiddleware',
 'scrapy.downloadermiddlewares.defaultheaders.DefaultHeadersMiddleware',
 'scrapy.downloadermiddlewares.useragent.UserAgentMiddleware',
 'scrapy.downloadermiddlewares.retry.RetryMiddleware',
 'scrapy.downloadermiddlewares.redirect.MetaRefreshMiddleware',
 'scrapy.downloadermiddlewares.httpcompression.HttpCompressionMiddleware',
 'scrapy.downloadermiddlewares.redirect.RedirectMiddleware',
 'scrapy.downloadermiddlewares.cookies.CookiesMiddleware',
 'scrapy.downloadermiddlewares.httpproxy.HttpProxyMiddleware',
 'scrapy.downloadermiddlewares.stats.DownloaderStats']
2020-05-28 08:56:50 [scrapy.middleware] INFO: Enabled spider middlewares:
['scrapy.spidermiddlewares.httperror.HttpErrorMiddleware',
 'scrapy.spidermiddlewares.offsite.OffsiteMiddleware',
 'scrapy.spidermiddlewares.referer.RefererMiddleware',
 'scrapy.spidermiddlewares.urllength.UrlLengthMiddleware',
 'scrapy.spidermiddlewares.depth.DepthMiddleware']
2020-05-28 08:56:50 [scrapy.middleware] INFO: Enabled item pipelines:
[]
2020-05-28 08:56:50 [scrapy.core.engine] INFO: Spider opened
2020-05-28 08:56:50 [scrapy.extensions.logstats] INFO: Crawled 0 pages (at 0 pages/min), scraped 0 items (at 0 items/min)
2020-05-28 08:56:50 [scrapy.extensions.telnet] INFO: Telnet console listening on 127.0.0.1:6023
2020-05-28 08:56:52 [scrapy.core.engine] INFO: Closing spider (finished)
2020-05-28 08:56:52 [scrapy.statscollectors] INFO: Dumping Scrapy stats:
{'downloader/request_bytes': 7426,
 'downloader/request_count': 22,
 'downloader/request_method_count/GET': 22,
 'downloader/response_bytes': 609357,
 'downloader/response_count': 22,
 'downloader/response_status_count/200': 22,
 'elapsed_time_seconds': 1.86076,
 'finish_reason': 'finished',
 'finish_time': datetime.datetime(2020, 5, 28, 11, 56, 52, 492661),
 'log_count/INFO': 10,
 'memusage/max': 54595584,
 'memusage/startup': 54595584,
 'request_depth_max': 1,
 'response_received_count': 22,
 'robotstxt/request_count': 1,
 'robotstxt/response_count': 1,
 'robotstxt/response_status_count/200': 1,
 'scheduler/dequeued': 21,
 'scheduler/dequeued/memory': 21,
 'scheduler/enqueued': 21,
 'scheduler/enqueued/memory': 21,
 'start_time': datetime.datetime(2020, 5, 28, 11, 56, 50, 631901)}
2020-05-28 08:56:52 [scrapy.core.engine] INFO: Spider closed (finished)
2020-05-28 11:42:37 [scrapy.utils.log] INFO: Scrapy 2.1.0 started (bot: amazonas)
2020-05-28 11:42:37 [scrapy.utils.log] INFO: Versions: lxml 4.5.0.0, libxml2 2.9.9, cssselect 1.1.0, parsel 1.5.2, w3lib 1.20.0, Twisted 20.3.0, Python 3.7.3 (default, Mar 27 2019, 22:11:17) - [GCC 7.3.0], pyOpenSSL 19.1.0 (OpenSSL 1.1.1g  21 Apr 2020), cryptography 2.8, Platform Linux-5.3.0-1019-aws-x86_64-with-debian-buster-sid
2020-05-28 11:42:37 [scrapy.crawler] INFO: Overridden settings:
{'BOT_NAME': 'amazonas',
 'LOG_FILE': 'logfile.log',
 'LOG_LEVEL': 'INFO',
 'NEWSPIDER_MODULE': 'amazonas.spiders',
 'ROBOTSTXT_OBEY': True,
 'SPIDER_MODULES': ['amazonas.spiders']}
2020-05-28 11:42:37 [scrapy.extensions.telnet] INFO: Telnet Password: 05eae1765ffb57b8
2020-05-28 11:42:37 [scrapy.middleware] INFO: Enabled extensions:
['scrapy.extensions.corestats.CoreStats',
 'scrapy.extensions.telnet.TelnetConsole',
 'scrapy.extensions.memusage.MemoryUsage',
 'scrapy.extensions.logstats.LogStats']
2020-05-28 11:42:37 [scrapy.middleware] INFO: Enabled downloader middlewares:
['scrapy.downloadermiddlewares.robotstxt.RobotsTxtMiddleware',
 'scrapy.downloadermiddlewares.httpauth.HttpAuthMiddleware',
 'scrapy.downloadermiddlewares.downloadtimeout.DownloadTimeoutMiddleware',
 'scrapy.downloadermiddlewares.defaultheaders.DefaultHeadersMiddleware',
 'scrapy.downloadermiddlewares.useragent.UserAgentMiddleware',
 'scrapy.downloadermiddlewares.retry.RetryMiddleware',
 'scrapy.downloadermiddlewares.redirect.MetaRefreshMiddleware',
 'scrapy.downloadermiddlewares.httpcompression.HttpCompressionMiddleware',
 'scrapy.downloadermiddlewares.redirect.RedirectMiddleware',
 'scrapy.downloadermiddlewares.cookies.CookiesMiddleware',
 'scrapy.downloadermiddlewares.httpproxy.HttpProxyMiddleware',
 'scrapy.downloadermiddlewares.stats.DownloaderStats']
2020-05-28 11:42:37 [scrapy.middleware] INFO: Enabled spider middlewares:
['scrapy.spidermiddlewares.httperror.HttpErrorMiddleware',
 'scrapy.spidermiddlewares.offsite.OffsiteMiddleware',
 'scrapy.spidermiddlewares.referer.RefererMiddleware',
 'scrapy.spidermiddlewares.urllength.UrlLengthMiddleware',
 'scrapy.spidermiddlewares.depth.DepthMiddleware']
2020-05-28 11:42:37 [scrapy.middleware] INFO: Enabled item pipelines:
[]
2020-05-28 11:42:37 [scrapy.core.engine] INFO: Spider opened
2020-05-28 11:42:37 [scrapy.extensions.logstats] INFO: Crawled 0 pages (at 0 pages/min), scraped 0 items (at 0 items/min)
2020-05-28 11:42:37 [scrapy.extensions.telnet] INFO: Telnet console listening on 127.0.0.1:6023
2020-05-28 11:42:39 [scrapy.core.engine] INFO: Closing spider (finished)
2020-05-28 11:42:39 [scrapy.statscollectors] INFO: Dumping Scrapy stats:
{'downloader/request_bytes': 7426,
 'downloader/request_count': 22,
 'downloader/request_method_count/GET': 22,
 'downloader/response_bytes': 609357,
 'downloader/response_count': 22,
 'downloader/response_status_count/200': 22,
 'elapsed_time_seconds': 1.509313,
 'finish_reason': 'finished',
 'finish_time': datetime.datetime(2020, 5, 28, 14, 42, 39, 112647),
 'log_count/INFO': 10,
 'memusage/max': 54439936,
 'memusage/startup': 54439936,
 'request_depth_max': 1,
 'response_received_count': 22,
 'robotstxt/request_count': 1,
 'robotstxt/response_count': 1,
 'robotstxt/response_status_count/200': 1,
 'scheduler/dequeued': 21,
 'scheduler/dequeued/memory': 21,
 'scheduler/enqueued': 21,
 'scheduler/enqueued/memory': 21,
 'start_time': datetime.datetime(2020, 5, 28, 14, 42, 37, 603334)}
2020-05-28 11:42:39 [scrapy.core.engine] INFO: Spider closed (finished)
2020-05-29 09:02:07 [scrapy.utils.log] INFO: Scrapy 2.1.0 started (bot: amazonas)
2020-05-29 09:02:07 [scrapy.utils.log] INFO: Versions: lxml 4.5.0.0, libxml2 2.9.9, cssselect 1.1.0, parsel 1.5.2, w3lib 1.20.0, Twisted 20.3.0, Python 3.7.3 (default, Mar 27 2019, 22:11:17) - [GCC 7.3.0], pyOpenSSL 19.1.0 (OpenSSL 1.1.1g  21 Apr 2020), cryptography 2.8, Platform Linux-5.3.0-1019-aws-x86_64-with-debian-buster-sid
2020-05-29 09:02:07 [scrapy.crawler] INFO: Overridden settings:
{'BOT_NAME': 'amazonas',
 'LOG_FILE': 'logfile.log',
 'LOG_LEVEL': 'INFO',
 'NEWSPIDER_MODULE': 'amazonas.spiders',
 'ROBOTSTXT_OBEY': True,
 'SPIDER_MODULES': ['amazonas.spiders']}
2020-05-29 09:02:07 [scrapy.extensions.telnet] INFO: Telnet Password: 433db3696b168ef5
2020-05-29 09:02:07 [scrapy.middleware] INFO: Enabled extensions:
['scrapy.extensions.corestats.CoreStats',
 'scrapy.extensions.telnet.TelnetConsole',
 'scrapy.extensions.memusage.MemoryUsage',
 'scrapy.extensions.logstats.LogStats']
2020-05-29 09:02:07 [scrapy.middleware] INFO: Enabled downloader middlewares:
['scrapy.downloadermiddlewares.robotstxt.RobotsTxtMiddleware',
 'scrapy.downloadermiddlewares.httpauth.HttpAuthMiddleware',
 'scrapy.downloadermiddlewares.downloadtimeout.DownloadTimeoutMiddleware',
 'scrapy.downloadermiddlewares.defaultheaders.DefaultHeadersMiddleware',
 'scrapy.downloadermiddlewares.useragent.UserAgentMiddleware',
 'scrapy.downloadermiddlewares.retry.RetryMiddleware',
 'scrapy.downloadermiddlewares.redirect.MetaRefreshMiddleware',
 'scrapy.downloadermiddlewares.httpcompression.HttpCompressionMiddleware',
 'scrapy.downloadermiddlewares.redirect.RedirectMiddleware',
 'scrapy.downloadermiddlewares.cookies.CookiesMiddleware',
 'scrapy.downloadermiddlewares.httpproxy.HttpProxyMiddleware',
 'scrapy.downloadermiddlewares.stats.DownloaderStats']
2020-05-29 09:02:07 [scrapy.middleware] INFO: Enabled spider middlewares:
['scrapy.spidermiddlewares.httperror.HttpErrorMiddleware',
 'scrapy.spidermiddlewares.offsite.OffsiteMiddleware',
 'scrapy.spidermiddlewares.referer.RefererMiddleware',
 'scrapy.spidermiddlewares.urllength.UrlLengthMiddleware',
 'scrapy.spidermiddlewares.depth.DepthMiddleware']
2020-05-29 09:02:07 [scrapy.middleware] INFO: Enabled item pipelines:
[]
2020-05-29 09:02:07 [scrapy.core.engine] INFO: Spider opened
2020-05-29 09:02:07 [scrapy.extensions.logstats] INFO: Crawled 0 pages (at 0 pages/min), scraped 0 items (at 0 items/min)
2020-05-29 09:02:07 [scrapy.extensions.telnet] INFO: Telnet console listening on 127.0.0.1:6023
2020-05-29 09:02:09 [scrapy.core.engine] INFO: Closing spider (finished)
2020-05-29 09:02:09 [scrapy.statscollectors] INFO: Dumping Scrapy stats:
{'downloader/request_bytes': 7426,
 'downloader/request_count': 22,
 'downloader/request_method_count/GET': 22,
 'downloader/response_bytes': 621005,
 'downloader/response_count': 22,
 'downloader/response_status_count/200': 22,
 'elapsed_time_seconds': 1.507067,
 'finish_reason': 'finished',
 'finish_time': datetime.datetime(2020, 5, 29, 12, 2, 9, 108262),
 'log_count/INFO': 10,
 'memusage/max': 54882304,
 'memusage/startup': 54882304,
 'request_depth_max': 1,
 'response_received_count': 22,
 'robotstxt/request_count': 1,
 'robotstxt/response_count': 1,
 'robotstxt/response_status_count/200': 1,
 'scheduler/dequeued': 21,
 'scheduler/dequeued/memory': 21,
 'scheduler/enqueued': 21,
 'scheduler/enqueued/memory': 21,
 'start_time': datetime.datetime(2020, 5, 29, 12, 2, 7, 601195)}
2020-05-29 09:02:09 [scrapy.core.engine] INFO: Spider closed (finished)
2020-05-30 09:51:21 [scrapy.utils.log] INFO: Scrapy 2.1.0 started (bot: amazonas)
2020-05-30 09:51:21 [scrapy.utils.log] INFO: Versions: lxml 4.5.0.0, libxml2 2.9.9, cssselect 1.1.0, parsel 1.5.2, w3lib 1.20.0, Twisted 20.3.0, Python 3.7.3 (default, Mar 27 2019, 22:11:17) - [GCC 7.3.0], pyOpenSSL 19.1.0 (OpenSSL 1.1.1g  21 Apr 2020), cryptography 2.8, Platform Linux-5.3.0-1019-aws-x86_64-with-debian-buster-sid
2020-05-30 09:51:21 [scrapy.crawler] INFO: Overridden settings:
{'BOT_NAME': 'amazonas',
 'LOG_FILE': 'logfile.log',
 'LOG_LEVEL': 'INFO',
 'NEWSPIDER_MODULE': 'amazonas.spiders',
 'ROBOTSTXT_OBEY': True,
 'SPIDER_MODULES': ['amazonas.spiders']}
2020-05-30 09:51:21 [scrapy.extensions.telnet] INFO: Telnet Password: 78057e8caf71608d
2020-05-30 09:51:21 [scrapy.middleware] INFO: Enabled extensions:
['scrapy.extensions.corestats.CoreStats',
 'scrapy.extensions.telnet.TelnetConsole',
 'scrapy.extensions.memusage.MemoryUsage',
 'scrapy.extensions.logstats.LogStats']
2020-05-30 09:51:21 [scrapy.middleware] INFO: Enabled downloader middlewares:
['scrapy.downloadermiddlewares.robotstxt.RobotsTxtMiddleware',
 'scrapy.downloadermiddlewares.httpauth.HttpAuthMiddleware',
 'scrapy.downloadermiddlewares.downloadtimeout.DownloadTimeoutMiddleware',
 'scrapy.downloadermiddlewares.defaultheaders.DefaultHeadersMiddleware',
 'scrapy.downloadermiddlewares.useragent.UserAgentMiddleware',
 'scrapy.downloadermiddlewares.retry.RetryMiddleware',
 'scrapy.downloadermiddlewares.redirect.MetaRefreshMiddleware',
 'scrapy.downloadermiddlewares.httpcompression.HttpCompressionMiddleware',
 'scrapy.downloadermiddlewares.redirect.RedirectMiddleware',
 'scrapy.downloadermiddlewares.cookies.CookiesMiddleware',
 'scrapy.downloadermiddlewares.httpproxy.HttpProxyMiddleware',
 'scrapy.downloadermiddlewares.stats.DownloaderStats']
2020-05-30 09:51:21 [scrapy.middleware] INFO: Enabled spider middlewares:
['scrapy.spidermiddlewares.httperror.HttpErrorMiddleware',
 'scrapy.spidermiddlewares.offsite.OffsiteMiddleware',
 'scrapy.spidermiddlewares.referer.RefererMiddleware',
 'scrapy.spidermiddlewares.urllength.UrlLengthMiddleware',
 'scrapy.spidermiddlewares.depth.DepthMiddleware']
2020-05-30 09:51:21 [scrapy.middleware] INFO: Enabled item pipelines:
[]
2020-05-30 09:51:21 [scrapy.core.engine] INFO: Spider opened
2020-05-30 09:51:21 [scrapy.extensions.logstats] INFO: Crawled 0 pages (at 0 pages/min), scraped 0 items (at 0 items/min)
2020-05-30 09:51:21 [scrapy.extensions.telnet] INFO: Telnet console listening on 127.0.0.1:6023
2020-05-30 09:51:23 [scrapy.core.engine] INFO: Closing spider (finished)
2020-05-30 09:51:23 [scrapy.statscollectors] INFO: Dumping Scrapy stats:
{'downloader/request_bytes': 7426,
 'downloader/request_count': 22,
 'downloader/request_method_count/GET': 22,
 'downloader/response_bytes': 621026,
 'downloader/response_count': 22,
 'downloader/response_status_count/200': 22,
 'elapsed_time_seconds': 1.528063,
 'finish_reason': 'finished',
 'finish_time': datetime.datetime(2020, 5, 30, 12, 51, 23, 508824),
 'log_count/INFO': 10,
 'memusage/max': 54878208,
 'memusage/startup': 54878208,
 'request_depth_max': 1,
 'response_received_count': 22,
 'robotstxt/request_count': 1,
 'robotstxt/response_count': 1,
 'robotstxt/response_status_count/200': 1,
 'scheduler/dequeued': 21,
 'scheduler/dequeued/memory': 21,
 'scheduler/enqueued': 21,
 'scheduler/enqueued/memory': 21,
 'start_time': datetime.datetime(2020, 5, 30, 12, 51, 21, 980761)}
2020-05-30 09:51:23 [scrapy.core.engine] INFO: Spider closed (finished)
2020-05-31 10:35:52 [scrapy.utils.log] INFO: Scrapy 2.1.0 started (bot: amazonas)
2020-05-31 10:35:52 [scrapy.utils.log] INFO: Versions: lxml 4.5.0.0, libxml2 2.9.9, cssselect 1.1.0, parsel 1.5.2, w3lib 1.20.0, Twisted 20.3.0, Python 3.7.3 (default, Mar 27 2019, 22:11:17) - [GCC 7.3.0], pyOpenSSL 19.1.0 (OpenSSL 1.1.1g  21 Apr 2020), cryptography 2.8, Platform Linux-5.3.0-1019-aws-x86_64-with-debian-buster-sid
2020-05-31 10:35:52 [scrapy.crawler] INFO: Overridden settings:
{'BOT_NAME': 'amazonas',
 'LOG_FILE': 'logfile.log',
 'LOG_LEVEL': 'INFO',
 'NEWSPIDER_MODULE': 'amazonas.spiders',
 'ROBOTSTXT_OBEY': True,
 'SPIDER_MODULES': ['amazonas.spiders']}
2020-05-31 10:35:52 [scrapy.extensions.telnet] INFO: Telnet Password: f4f2ae2289abb9c1
2020-05-31 10:35:52 [scrapy.middleware] INFO: Enabled extensions:
['scrapy.extensions.corestats.CoreStats',
 'scrapy.extensions.telnet.TelnetConsole',
 'scrapy.extensions.memusage.MemoryUsage',
 'scrapy.extensions.logstats.LogStats']
2020-05-31 10:35:52 [scrapy.middleware] INFO: Enabled downloader middlewares:
['scrapy.downloadermiddlewares.robotstxt.RobotsTxtMiddleware',
 'scrapy.downloadermiddlewares.httpauth.HttpAuthMiddleware',
 'scrapy.downloadermiddlewares.downloadtimeout.DownloadTimeoutMiddleware',
 'scrapy.downloadermiddlewares.defaultheaders.DefaultHeadersMiddleware',
 'scrapy.downloadermiddlewares.useragent.UserAgentMiddleware',
 'scrapy.downloadermiddlewares.retry.RetryMiddleware',
 'scrapy.downloadermiddlewares.redirect.MetaRefreshMiddleware',
 'scrapy.downloadermiddlewares.httpcompression.HttpCompressionMiddleware',
 'scrapy.downloadermiddlewares.redirect.RedirectMiddleware',
 'scrapy.downloadermiddlewares.cookies.CookiesMiddleware',
 'scrapy.downloadermiddlewares.httpproxy.HttpProxyMiddleware',
 'scrapy.downloadermiddlewares.stats.DownloaderStats']
2020-05-31 10:35:52 [scrapy.middleware] INFO: Enabled spider middlewares:
['scrapy.spidermiddlewares.httperror.HttpErrorMiddleware',
 'scrapy.spidermiddlewares.offsite.OffsiteMiddleware',
 'scrapy.spidermiddlewares.referer.RefererMiddleware',
 'scrapy.spidermiddlewares.urllength.UrlLengthMiddleware',
 'scrapy.spidermiddlewares.depth.DepthMiddleware']
2020-05-31 10:35:53 [scrapy.middleware] INFO: Enabled item pipelines:
[]
2020-05-31 10:35:53 [scrapy.core.engine] INFO: Spider opened
2020-05-31 10:35:53 [scrapy.extensions.logstats] INFO: Crawled 0 pages (at 0 pages/min), scraped 0 items (at 0 items/min)
2020-05-31 10:35:53 [scrapy.extensions.telnet] INFO: Telnet console listening on 127.0.0.1:6023
2020-05-31 10:35:54 [scrapy.core.engine] INFO: Closing spider (finished)
2020-05-31 10:35:54 [scrapy.statscollectors] INFO: Dumping Scrapy stats:
{'downloader/request_bytes': 7426,
 'downloader/request_count': 22,
 'downloader/request_method_count/GET': 22,
 'downloader/response_bytes': 621026,
 'downloader/response_count': 22,
 'downloader/response_status_count/200': 22,
 'elapsed_time_seconds': 1.417356,
 'finish_reason': 'finished',
 'finish_time': datetime.datetime(2020, 5, 31, 13, 35, 54, 418588),
 'log_count/INFO': 10,
 'memusage/max': 54632448,
 'memusage/startup': 54632448,
 'request_depth_max': 1,
 'response_received_count': 22,
 'robotstxt/request_count': 1,
 'robotstxt/response_count': 1,
 'robotstxt/response_status_count/200': 1,
 'scheduler/dequeued': 21,
 'scheduler/dequeued/memory': 21,
 'scheduler/enqueued': 21,
 'scheduler/enqueued/memory': 21,
 'start_time': datetime.datetime(2020, 5, 31, 13, 35, 53, 1232)}
2020-05-31 10:35:54 [scrapy.core.engine] INFO: Spider closed (finished)
2020-06-01 09:16:19 [scrapy.utils.log] INFO: Scrapy 2.1.0 started (bot: amazonas)
2020-06-01 09:16:19 [scrapy.utils.log] INFO: Versions: lxml 4.5.0.0, libxml2 2.9.9, cssselect 1.1.0, parsel 1.5.2, w3lib 1.20.0, Twisted 20.3.0, Python 3.7.3 (default, Mar 27 2019, 22:11:17) - [GCC 7.3.0], pyOpenSSL 19.1.0 (OpenSSL 1.1.1g  21 Apr 2020), cryptography 2.8, Platform Linux-5.3.0-1019-aws-x86_64-with-debian-buster-sid
2020-06-01 09:16:19 [scrapy.crawler] INFO: Overridden settings:
{'BOT_NAME': 'amazonas',
 'LOG_FILE': 'logfile.log',
 'LOG_LEVEL': 'INFO',
 'NEWSPIDER_MODULE': 'amazonas.spiders',
 'ROBOTSTXT_OBEY': True,
 'SPIDER_MODULES': ['amazonas.spiders']}
2020-06-01 09:16:19 [scrapy.extensions.telnet] INFO: Telnet Password: 8f1cfb4dd0be6488
2020-06-01 09:16:19 [scrapy.middleware] INFO: Enabled extensions:
['scrapy.extensions.corestats.CoreStats',
 'scrapy.extensions.telnet.TelnetConsole',
 'scrapy.extensions.memusage.MemoryUsage',
 'scrapy.extensions.logstats.LogStats']
2020-06-01 09:16:19 [scrapy.middleware] INFO: Enabled downloader middlewares:
['scrapy.downloadermiddlewares.robotstxt.RobotsTxtMiddleware',
 'scrapy.downloadermiddlewares.httpauth.HttpAuthMiddleware',
 'scrapy.downloadermiddlewares.downloadtimeout.DownloadTimeoutMiddleware',
 'scrapy.downloadermiddlewares.defaultheaders.DefaultHeadersMiddleware',
 'scrapy.downloadermiddlewares.useragent.UserAgentMiddleware',
 'scrapy.downloadermiddlewares.retry.RetryMiddleware',
 'scrapy.downloadermiddlewares.redirect.MetaRefreshMiddleware',
 'scrapy.downloadermiddlewares.httpcompression.HttpCompressionMiddleware',
 'scrapy.downloadermiddlewares.redirect.RedirectMiddleware',
 'scrapy.downloadermiddlewares.cookies.CookiesMiddleware',
 'scrapy.downloadermiddlewares.httpproxy.HttpProxyMiddleware',
 'scrapy.downloadermiddlewares.stats.DownloaderStats']
2020-06-01 09:16:19 [scrapy.middleware] INFO: Enabled spider middlewares:
['scrapy.spidermiddlewares.httperror.HttpErrorMiddleware',
 'scrapy.spidermiddlewares.offsite.OffsiteMiddleware',
 'scrapy.spidermiddlewares.referer.RefererMiddleware',
 'scrapy.spidermiddlewares.urllength.UrlLengthMiddleware',
 'scrapy.spidermiddlewares.depth.DepthMiddleware']
2020-06-01 09:16:19 [scrapy.middleware] INFO: Enabled item pipelines:
[]
2020-06-01 09:16:19 [scrapy.core.engine] INFO: Spider opened
2020-06-01 09:16:19 [scrapy.extensions.logstats] INFO: Crawled 0 pages (at 0 pages/min), scraped 0 items (at 0 items/min)
2020-06-01 09:16:19 [scrapy.extensions.telnet] INFO: Telnet console listening on 127.0.0.1:6023
2020-06-01 09:16:20 [scrapy.core.engine] INFO: Closing spider (finished)
2020-06-01 09:16:20 [scrapy.statscollectors] INFO: Dumping Scrapy stats:
{'downloader/request_bytes': 7426,
 'downloader/request_count': 22,
 'downloader/request_method_count/GET': 22,
 'downloader/response_bytes': 625823,
 'downloader/response_count': 22,
 'downloader/response_status_count/200': 22,
 'elapsed_time_seconds': 1.340368,
 'finish_reason': 'finished',
 'finish_time': datetime.datetime(2020, 6, 1, 12, 16, 20, 907844),
 'log_count/INFO': 10,
 'memusage/max': 54472704,
 'memusage/startup': 54472704,
 'request_depth_max': 1,
 'response_received_count': 22,
 'robotstxt/request_count': 1,
 'robotstxt/response_count': 1,
 'robotstxt/response_status_count/200': 1,
 'scheduler/dequeued': 21,
 'scheduler/dequeued/memory': 21,
 'scheduler/enqueued': 21,
 'scheduler/enqueued/memory': 21,
 'start_time': datetime.datetime(2020, 6, 1, 12, 16, 19, 567476)}
2020-06-01 09:16:20 [scrapy.core.engine] INFO: Spider closed (finished)
2020-06-01 09:19:04 [scrapy.utils.log] INFO: Scrapy 2.1.0 started (bot: amazonas)
2020-06-01 09:19:04 [scrapy.utils.log] INFO: Versions: lxml 4.5.0.0, libxml2 2.9.9, cssselect 1.1.0, parsel 1.5.2, w3lib 1.20.0, Twisted 20.3.0, Python 3.7.3 (default, Mar 27 2019, 22:11:17) - [GCC 7.3.0], pyOpenSSL 19.1.0 (OpenSSL 1.1.1g  21 Apr 2020), cryptography 2.8, Platform Linux-5.3.0-1019-aws-x86_64-with-debian-buster-sid
2020-06-01 09:19:04 [scrapy.crawler] INFO: Overridden settings:
{'BOT_NAME': 'amazonas',
 'LOG_FILE': 'logfile.log',
 'LOG_LEVEL': 'INFO',
 'NEWSPIDER_MODULE': 'amazonas.spiders',
 'ROBOTSTXT_OBEY': True,
 'SPIDER_MODULES': ['amazonas.spiders']}
2020-06-01 09:19:04 [scrapy.extensions.telnet] INFO: Telnet Password: 544c06b1b1636cb9
2020-06-01 09:19:04 [scrapy.middleware] INFO: Enabled extensions:
['scrapy.extensions.corestats.CoreStats',
 'scrapy.extensions.telnet.TelnetConsole',
 'scrapy.extensions.memusage.MemoryUsage',
 'scrapy.extensions.logstats.LogStats']
2020-06-01 09:19:04 [scrapy.middleware] INFO: Enabled downloader middlewares:
['scrapy.downloadermiddlewares.robotstxt.RobotsTxtMiddleware',
 'scrapy.downloadermiddlewares.httpauth.HttpAuthMiddleware',
 'scrapy.downloadermiddlewares.downloadtimeout.DownloadTimeoutMiddleware',
 'scrapy.downloadermiddlewares.defaultheaders.DefaultHeadersMiddleware',
 'scrapy.downloadermiddlewares.useragent.UserAgentMiddleware',
 'scrapy.downloadermiddlewares.retry.RetryMiddleware',
 'scrapy.downloadermiddlewares.redirect.MetaRefreshMiddleware',
 'scrapy.downloadermiddlewares.httpcompression.HttpCompressionMiddleware',
 'scrapy.downloadermiddlewares.redirect.RedirectMiddleware',
 'scrapy.downloadermiddlewares.cookies.CookiesMiddleware',
 'scrapy.downloadermiddlewares.httpproxy.HttpProxyMiddleware',
 'scrapy.downloadermiddlewares.stats.DownloaderStats']
2020-06-01 09:19:04 [scrapy.middleware] INFO: Enabled spider middlewares:
['scrapy.spidermiddlewares.httperror.HttpErrorMiddleware',
 'scrapy.spidermiddlewares.offsite.OffsiteMiddleware',
 'scrapy.spidermiddlewares.referer.RefererMiddleware',
 'scrapy.spidermiddlewares.urllength.UrlLengthMiddleware',
 'scrapy.spidermiddlewares.depth.DepthMiddleware']
2020-06-01 09:19:04 [scrapy.middleware] INFO: Enabled item pipelines:
[]
2020-06-01 09:19:04 [scrapy.core.engine] INFO: Spider opened
2020-06-01 09:19:04 [scrapy.extensions.logstats] INFO: Crawled 0 pages (at 0 pages/min), scraped 0 items (at 0 items/min)
2020-06-01 09:19:04 [scrapy.extensions.telnet] INFO: Telnet console listening on 127.0.0.1:6023
2020-06-01 09:19:05 [scrapy.core.engine] INFO: Closing spider (finished)
2020-06-01 09:19:05 [scrapy.statscollectors] INFO: Dumping Scrapy stats:
{'downloader/request_bytes': 7426,
 'downloader/request_count': 22,
 'downloader/request_method_count/GET': 22,
 'downloader/response_bytes': 625823,
 'downloader/response_count': 22,
 'downloader/response_status_count/200': 22,
 'elapsed_time_seconds': 1.186909,
 'finish_reason': 'finished',
 'finish_time': datetime.datetime(2020, 6, 1, 12, 19, 5, 810739),
 'log_count/INFO': 10,
 'memusage/max': 54620160,
 'memusage/startup': 54620160,
 'request_depth_max': 1,
 'response_received_count': 22,
 'robotstxt/request_count': 1,
 'robotstxt/response_count': 1,
 'robotstxt/response_status_count/200': 1,
 'scheduler/dequeued': 21,
 'scheduler/dequeued/memory': 21,
 'scheduler/enqueued': 21,
 'scheduler/enqueued/memory': 21,
 'start_time': datetime.datetime(2020, 6, 1, 12, 19, 4, 623830)}
2020-06-01 09:19:05 [scrapy.core.engine] INFO: Spider closed (finished)
2020-06-02 09:03:50 [scrapy.utils.log] INFO: Scrapy 2.1.0 started (bot: amazonas)
2020-06-02 09:03:50 [scrapy.utils.log] INFO: Versions: lxml 4.5.0.0, libxml2 2.9.9, cssselect 1.1.0, parsel 1.5.2, w3lib 1.20.0, Twisted 20.3.0, Python 3.7.3 (default, Mar 27 2019, 22:11:17) - [GCC 7.3.0], pyOpenSSL 19.1.0 (OpenSSL 1.1.1g  21 Apr 2020), cryptography 2.8, Platform Linux-5.3.0-1019-aws-x86_64-with-debian-buster-sid
2020-06-02 09:03:50 [scrapy.crawler] INFO: Overridden settings:
{'BOT_NAME': 'amazonas',
 'LOG_FILE': 'logfile.log',
 'LOG_LEVEL': 'INFO',
 'NEWSPIDER_MODULE': 'amazonas.spiders',
 'ROBOTSTXT_OBEY': True,
 'SPIDER_MODULES': ['amazonas.spiders']}
2020-06-02 09:03:50 [scrapy.extensions.telnet] INFO: Telnet Password: 8923b1a1ad27e7b4
2020-06-02 09:03:50 [scrapy.middleware] INFO: Enabled extensions:
['scrapy.extensions.corestats.CoreStats',
 'scrapy.extensions.telnet.TelnetConsole',
 'scrapy.extensions.memusage.MemoryUsage',
 'scrapy.extensions.logstats.LogStats']
2020-06-02 09:03:50 [scrapy.middleware] INFO: Enabled downloader middlewares:
['scrapy.downloadermiddlewares.robotstxt.RobotsTxtMiddleware',
 'scrapy.downloadermiddlewares.httpauth.HttpAuthMiddleware',
 'scrapy.downloadermiddlewares.downloadtimeout.DownloadTimeoutMiddleware',
 'scrapy.downloadermiddlewares.defaultheaders.DefaultHeadersMiddleware',
 'scrapy.downloadermiddlewares.useragent.UserAgentMiddleware',
 'scrapy.downloadermiddlewares.retry.RetryMiddleware',
 'scrapy.downloadermiddlewares.redirect.MetaRefreshMiddleware',
 'scrapy.downloadermiddlewares.httpcompression.HttpCompressionMiddleware',
 'scrapy.downloadermiddlewares.redirect.RedirectMiddleware',
 'scrapy.downloadermiddlewares.cookies.CookiesMiddleware',
 'scrapy.downloadermiddlewares.httpproxy.HttpProxyMiddleware',
 'scrapy.downloadermiddlewares.stats.DownloaderStats']
2020-06-02 09:03:50 [scrapy.middleware] INFO: Enabled spider middlewares:
['scrapy.spidermiddlewares.httperror.HttpErrorMiddleware',
 'scrapy.spidermiddlewares.offsite.OffsiteMiddleware',
 'scrapy.spidermiddlewares.referer.RefererMiddleware',
 'scrapy.spidermiddlewares.urllength.UrlLengthMiddleware',
 'scrapy.spidermiddlewares.depth.DepthMiddleware']
2020-06-02 09:03:50 [scrapy.middleware] INFO: Enabled item pipelines:
[]
2020-06-02 09:03:50 [scrapy.core.engine] INFO: Spider opened
2020-06-02 09:03:50 [scrapy.extensions.logstats] INFO: Crawled 0 pages (at 0 pages/min), scraped 0 items (at 0 items/min)
2020-06-02 09:03:50 [scrapy.extensions.telnet] INFO: Telnet console listening on 127.0.0.1:6024
2020-06-02 09:03:52 [scrapy.core.engine] INFO: Closing spider (finished)
2020-06-02 09:03:52 [scrapy.statscollectors] INFO: Dumping Scrapy stats:
{'downloader/request_bytes': 7426,
 'downloader/request_count': 22,
 'downloader/request_method_count/GET': 22,
 'downloader/response_bytes': 624544,
 'downloader/response_count': 22,
 'downloader/response_status_count/200': 22,
 'elapsed_time_seconds': 1.738046,
 'finish_reason': 'finished',
 'finish_time': datetime.datetime(2020, 6, 2, 12, 3, 52, 714967),
 'log_count/INFO': 10,
 'memusage/max': 54501376,
 'memusage/startup': 54501376,
 'request_depth_max': 1,
 'response_received_count': 22,
 'robotstxt/request_count': 1,
 'robotstxt/response_count': 1,
 'robotstxt/response_status_count/200': 1,
 'scheduler/dequeued': 21,
 'scheduler/dequeued/memory': 21,
 'scheduler/enqueued': 21,
 'scheduler/enqueued/memory': 21,
 'start_time': datetime.datetime(2020, 6, 2, 12, 3, 50, 976921)}
2020-06-02 09:03:52 [scrapy.core.engine] INFO: Spider closed (finished)
2020-06-03 09:08:06 [scrapy.utils.log] INFO: Scrapy 2.1.0 started (bot: amazonas)
2020-06-03 09:08:06 [scrapy.utils.log] INFO: Versions: lxml 4.5.0.0, libxml2 2.9.9, cssselect 1.1.0, parsel 1.5.2, w3lib 1.20.0, Twisted 20.3.0, Python 3.7.3 (default, Mar 27 2019, 22:11:17) - [GCC 7.3.0], pyOpenSSL 19.1.0 (OpenSSL 1.1.1g  21 Apr 2020), cryptography 2.8, Platform Linux-5.3.0-1019-aws-x86_64-with-debian-buster-sid
2020-06-03 09:08:06 [scrapy.crawler] INFO: Overridden settings:
{'BOT_NAME': 'amazonas',
 'LOG_FILE': 'logfile.log',
 'LOG_LEVEL': 'INFO',
 'NEWSPIDER_MODULE': 'amazonas.spiders',
 'ROBOTSTXT_OBEY': True,
 'SPIDER_MODULES': ['amazonas.spiders']}
2020-06-03 09:08:06 [scrapy.extensions.telnet] INFO: Telnet Password: 669b02c5511b6b65
2020-06-03 09:08:06 [scrapy.middleware] INFO: Enabled extensions:
['scrapy.extensions.corestats.CoreStats',
 'scrapy.extensions.telnet.TelnetConsole',
 'scrapy.extensions.memusage.MemoryUsage',
 'scrapy.extensions.logstats.LogStats']
2020-06-03 09:08:06 [scrapy.middleware] INFO: Enabled downloader middlewares:
['scrapy.downloadermiddlewares.robotstxt.RobotsTxtMiddleware',
 'scrapy.downloadermiddlewares.httpauth.HttpAuthMiddleware',
 'scrapy.downloadermiddlewares.downloadtimeout.DownloadTimeoutMiddleware',
 'scrapy.downloadermiddlewares.defaultheaders.DefaultHeadersMiddleware',
 'scrapy.downloadermiddlewares.useragent.UserAgentMiddleware',
 'scrapy.downloadermiddlewares.retry.RetryMiddleware',
 'scrapy.downloadermiddlewares.redirect.MetaRefreshMiddleware',
 'scrapy.downloadermiddlewares.httpcompression.HttpCompressionMiddleware',
 'scrapy.downloadermiddlewares.redirect.RedirectMiddleware',
 'scrapy.downloadermiddlewares.cookies.CookiesMiddleware',
 'scrapy.downloadermiddlewares.httpproxy.HttpProxyMiddleware',
 'scrapy.downloadermiddlewares.stats.DownloaderStats']
2020-06-03 09:08:06 [scrapy.middleware] INFO: Enabled spider middlewares:
['scrapy.spidermiddlewares.httperror.HttpErrorMiddleware',
 'scrapy.spidermiddlewares.offsite.OffsiteMiddleware',
 'scrapy.spidermiddlewares.referer.RefererMiddleware',
 'scrapy.spidermiddlewares.urllength.UrlLengthMiddleware',
 'scrapy.spidermiddlewares.depth.DepthMiddleware']
2020-06-03 09:08:06 [scrapy.middleware] INFO: Enabled item pipelines:
[]
2020-06-03 09:08:06 [scrapy.core.engine] INFO: Spider opened
2020-06-03 09:08:06 [scrapy.extensions.logstats] INFO: Crawled 0 pages (at 0 pages/min), scraped 0 items (at 0 items/min)
2020-06-03 09:08:06 [scrapy.extensions.telnet] INFO: Telnet console listening on 127.0.0.1:6023
2020-06-03 09:08:08 [scrapy.core.engine] INFO: Closing spider (finished)
2020-06-03 09:08:08 [scrapy.statscollectors] INFO: Dumping Scrapy stats:
{'downloader/request_bytes': 7426,
 'downloader/request_count': 22,
 'downloader/request_method_count/GET': 22,
 'downloader/response_bytes': 633343,
 'downloader/response_count': 22,
 'downloader/response_status_count/200': 22,
 'elapsed_time_seconds': 1.363833,
 'finish_reason': 'finished',
 'finish_time': datetime.datetime(2020, 6, 3, 12, 8, 8, 175233),
 'log_count/INFO': 10,
 'memusage/max': 54734848,
 'memusage/startup': 54734848,
 'request_depth_max': 1,
 'response_received_count': 22,
 'robotstxt/request_count': 1,
 'robotstxt/response_count': 1,
 'robotstxt/response_status_count/200': 1,
 'scheduler/dequeued': 21,
 'scheduler/dequeued/memory': 21,
 'scheduler/enqueued': 21,
 'scheduler/enqueued/memory': 21,
 'start_time': datetime.datetime(2020, 6, 3, 12, 8, 6, 811400)}
2020-06-03 09:08:08 [scrapy.core.engine] INFO: Spider closed (finished)
