2020-05-25 06:25:27 [scrapy.utils.log] INFO: Scrapy 2.1.0 started (bot: sao_paulo)
2020-05-25 06:25:27 [scrapy.utils.log] INFO: Versions: lxml 4.5.0.0, libxml2 2.9.9, cssselect 1.1.0, parsel 1.5.2, w3lib 1.20.0, Twisted 20.3.0, Python 3.7.3 (default, Mar 27 2019, 22:11:17) - [GCC 7.3.0], pyOpenSSL 19.1.0 (OpenSSL 1.1.1g  21 Apr 2020), cryptography 2.8, Platform Linux-5.3.0-1019-aws-x86_64-with-debian-buster-sid
2020-05-25 06:25:27 [scrapy.crawler] INFO: Overridden settings:
{'BOT_NAME': 'sao_paulo',
 'LOG_FILE': 'logfile.log',
 'LOG_LEVEL': 'INFO',
 'NEWSPIDER_MODULE': 'sao_paulo.spiders',
 'ROBOTSTXT_OBEY': True,
 'SPIDER_MODULES': ['sao_paulo.spiders']}
2020-05-25 06:25:27 [scrapy.extensions.telnet] INFO: Telnet Password: 7e50ec1591e08f87
2020-05-25 06:25:27 [scrapy.middleware] INFO: Enabled extensions:
['scrapy.extensions.corestats.CoreStats',
 'scrapy.extensions.telnet.TelnetConsole',
 'scrapy.extensions.memusage.MemoryUsage',
 'scrapy.extensions.logstats.LogStats']
2020-05-25 06:25:27 [scrapy.middleware] INFO: Enabled downloader middlewares:
['scrapy.downloadermiddlewares.robotstxt.RobotsTxtMiddleware',
 'scrapy.downloadermiddlewares.httpauth.HttpAuthMiddleware',
 'scrapy.downloadermiddlewares.downloadtimeout.DownloadTimeoutMiddleware',
 'scrapy.downloadermiddlewares.defaultheaders.DefaultHeadersMiddleware',
 'scrapy.downloadermiddlewares.useragent.UserAgentMiddleware',
 'scrapy.downloadermiddlewares.retry.RetryMiddleware',
 'scrapy.downloadermiddlewares.redirect.MetaRefreshMiddleware',
 'scrapy.downloadermiddlewares.httpcompression.HttpCompressionMiddleware',
 'scrapy.downloadermiddlewares.redirect.RedirectMiddleware',
 'scrapy.downloadermiddlewares.cookies.CookiesMiddleware',
 'scrapy.downloadermiddlewares.httpproxy.HttpProxyMiddleware',
 'scrapy.downloadermiddlewares.stats.DownloaderStats']
2020-05-25 06:25:27 [scrapy.middleware] INFO: Enabled spider middlewares:
['scrapy.spidermiddlewares.httperror.HttpErrorMiddleware',
 'scrapy.spidermiddlewares.offsite.OffsiteMiddleware',
 'scrapy.spidermiddlewares.referer.RefererMiddleware',
 'scrapy.spidermiddlewares.urllength.UrlLengthMiddleware',
 'scrapy.spidermiddlewares.depth.DepthMiddleware']
2020-05-25 06:25:27 [scrapy.middleware] INFO: Enabled item pipelines:
[]
2020-05-25 06:25:27 [scrapy.core.engine] INFO: Spider opened
2020-05-25 06:25:27 [scrapy.extensions.logstats] INFO: Crawled 0 pages (at 0 pages/min), scraped 0 items (at 0 items/min)
2020-05-25 06:25:27 [scrapy.extensions.telnet] INFO: Telnet console listening on 127.0.0.1:6023
2020-05-25 06:25:27 [scrapy.core.engine] INFO: Closing spider (finished)
2020-05-25 06:25:27 [scrapy.statscollectors] INFO: Dumping Scrapy stats:
{'downloader/request_bytes': 4059,
 'downloader/request_count': 12,
 'downloader/request_method_count/GET': 12,
 'downloader/response_bytes': 131087,
 'downloader/response_count': 12,
 'downloader/response_status_count/200': 12,
 'elapsed_time_seconds': 0.551503,
 'finish_reason': 'finished',
 'finish_time': datetime.datetime(2020, 5, 25, 9, 25, 27, 934211),
 'log_count/INFO': 10,
 'memusage/max': 54501376,
 'memusage/startup': 54501376,
 'request_depth_max': 1,
 'response_received_count': 12,
 'robotstxt/request_count': 1,
 'robotstxt/response_count': 1,
 'robotstxt/response_status_count/200': 1,
 'scheduler/dequeued': 11,
 'scheduler/dequeued/memory': 11,
 'scheduler/enqueued': 11,
 'scheduler/enqueued/memory': 11,
 'start_time': datetime.datetime(2020, 5, 25, 9, 25, 27, 382708)}
2020-05-25 06:25:27 [scrapy.core.engine] INFO: Spider closed (finished)
2020-05-25 08:48:45 [scrapy.utils.log] INFO: Scrapy 2.1.0 started (bot: sao_paulo)
2020-05-25 08:48:45 [scrapy.utils.log] INFO: Versions: lxml 4.5.0.0, libxml2 2.9.9, cssselect 1.1.0, parsel 1.5.2, w3lib 1.20.0, Twisted 20.3.0, Python 3.7.3 (default, Mar 27 2019, 22:11:17) - [GCC 7.3.0], pyOpenSSL 19.1.0 (OpenSSL 1.1.1g  21 Apr 2020), cryptography 2.8, Platform Linux-5.3.0-1019-aws-x86_64-with-debian-buster-sid
2020-05-25 08:48:45 [scrapy.crawler] INFO: Overridden settings:
{'BOT_NAME': 'sao_paulo',
 'LOG_FILE': 'logfile.log',
 'LOG_LEVEL': 'INFO',
 'NEWSPIDER_MODULE': 'sao_paulo.spiders',
 'ROBOTSTXT_OBEY': True,
 'SPIDER_MODULES': ['sao_paulo.spiders']}
2020-05-25 08:48:45 [scrapy.extensions.telnet] INFO: Telnet Password: c690250776471ae6
2020-05-25 08:48:45 [scrapy.middleware] INFO: Enabled extensions:
['scrapy.extensions.corestats.CoreStats',
 'scrapy.extensions.telnet.TelnetConsole',
 'scrapy.extensions.memusage.MemoryUsage',
 'scrapy.extensions.logstats.LogStats']
2020-05-25 08:48:45 [scrapy.middleware] INFO: Enabled downloader middlewares:
['scrapy.downloadermiddlewares.robotstxt.RobotsTxtMiddleware',
 'scrapy.downloadermiddlewares.httpauth.HttpAuthMiddleware',
 'scrapy.downloadermiddlewares.downloadtimeout.DownloadTimeoutMiddleware',
 'scrapy.downloadermiddlewares.defaultheaders.DefaultHeadersMiddleware',
 'scrapy.downloadermiddlewares.useragent.UserAgentMiddleware',
 'scrapy.downloadermiddlewares.retry.RetryMiddleware',
 'scrapy.downloadermiddlewares.redirect.MetaRefreshMiddleware',
 'scrapy.downloadermiddlewares.httpcompression.HttpCompressionMiddleware',
 'scrapy.downloadermiddlewares.redirect.RedirectMiddleware',
 'scrapy.downloadermiddlewares.cookies.CookiesMiddleware',
 'scrapy.downloadermiddlewares.httpproxy.HttpProxyMiddleware',
 'scrapy.downloadermiddlewares.stats.DownloaderStats']
2020-05-25 08:48:45 [scrapy.middleware] INFO: Enabled spider middlewares:
['scrapy.spidermiddlewares.httperror.HttpErrorMiddleware',
 'scrapy.spidermiddlewares.offsite.OffsiteMiddleware',
 'scrapy.spidermiddlewares.referer.RefererMiddleware',
 'scrapy.spidermiddlewares.urllength.UrlLengthMiddleware',
 'scrapy.spidermiddlewares.depth.DepthMiddleware']
2020-05-25 08:48:45 [scrapy.middleware] INFO: Enabled item pipelines:
[]
2020-05-25 08:48:45 [scrapy.core.engine] INFO: Spider opened
2020-05-25 08:48:45 [scrapy.extensions.logstats] INFO: Crawled 0 pages (at 0 pages/min), scraped 0 items (at 0 items/min)
2020-05-25 08:48:45 [scrapy.extensions.telnet] INFO: Telnet console listening on 127.0.0.1:6023
2020-05-25 08:48:46 [scrapy.core.engine] INFO: Closing spider (finished)
2020-05-25 08:48:46 [scrapy.statscollectors] INFO: Dumping Scrapy stats:
{'downloader/request_bytes': 4059,
 'downloader/request_count': 12,
 'downloader/request_method_count/GET': 12,
 'downloader/response_bytes': 132284,
 'downloader/response_count': 12,
 'downloader/response_status_count/200': 12,
 'elapsed_time_seconds': 0.824125,
 'finish_reason': 'finished',
 'finish_time': datetime.datetime(2020, 5, 25, 11, 48, 46, 232452),
 'log_count/INFO': 10,
 'memusage/max': 54534144,
 'memusage/startup': 54534144,
 'request_depth_max': 1,
 'response_received_count': 12,
 'robotstxt/request_count': 1,
 'robotstxt/response_count': 1,
 'robotstxt/response_status_count/200': 1,
 'scheduler/dequeued': 11,
 'scheduler/dequeued/memory': 11,
 'scheduler/enqueued': 11,
 'scheduler/enqueued/memory': 11,
 'start_time': datetime.datetime(2020, 5, 25, 11, 48, 45, 408327)}
2020-05-25 08:48:46 [scrapy.core.engine] INFO: Spider closed (finished)
2020-05-26 09:34:30 [scrapy.utils.log] INFO: Scrapy 2.1.0 started (bot: sao_paulo)
2020-05-26 09:34:30 [scrapy.utils.log] INFO: Versions: lxml 4.5.0.0, libxml2 2.9.9, cssselect 1.1.0, parsel 1.5.2, w3lib 1.20.0, Twisted 20.3.0, Python 3.7.3 (default, Mar 27 2019, 22:11:17) - [GCC 7.3.0], pyOpenSSL 19.1.0 (OpenSSL 1.1.1g  21 Apr 2020), cryptography 2.8, Platform Linux-5.3.0-1019-aws-x86_64-with-debian-buster-sid
2020-05-26 09:34:30 [scrapy.crawler] INFO: Overridden settings:
{'BOT_NAME': 'sao_paulo',
 'LOG_FILE': 'logfile.log',
 'LOG_LEVEL': 'INFO',
 'NEWSPIDER_MODULE': 'sao_paulo.spiders',
 'ROBOTSTXT_OBEY': True,
 'SPIDER_MODULES': ['sao_paulo.spiders']}
2020-05-26 09:34:30 [scrapy.extensions.telnet] INFO: Telnet Password: 2f5848b769fe5f79
2020-05-26 09:34:30 [scrapy.middleware] INFO: Enabled extensions:
['scrapy.extensions.corestats.CoreStats',
 'scrapy.extensions.telnet.TelnetConsole',
 'scrapy.extensions.memusage.MemoryUsage',
 'scrapy.extensions.logstats.LogStats']
2020-05-26 09:34:30 [scrapy.middleware] INFO: Enabled downloader middlewares:
['scrapy.downloadermiddlewares.robotstxt.RobotsTxtMiddleware',
 'scrapy.downloadermiddlewares.httpauth.HttpAuthMiddleware',
 'scrapy.downloadermiddlewares.downloadtimeout.DownloadTimeoutMiddleware',
 'scrapy.downloadermiddlewares.defaultheaders.DefaultHeadersMiddleware',
 'scrapy.downloadermiddlewares.useragent.UserAgentMiddleware',
 'scrapy.downloadermiddlewares.retry.RetryMiddleware',
 'scrapy.downloadermiddlewares.redirect.MetaRefreshMiddleware',
 'scrapy.downloadermiddlewares.httpcompression.HttpCompressionMiddleware',
 'scrapy.downloadermiddlewares.redirect.RedirectMiddleware',
 'scrapy.downloadermiddlewares.cookies.CookiesMiddleware',
 'scrapy.downloadermiddlewares.httpproxy.HttpProxyMiddleware',
 'scrapy.downloadermiddlewares.stats.DownloaderStats']
2020-05-26 09:34:30 [scrapy.middleware] INFO: Enabled spider middlewares:
['scrapy.spidermiddlewares.httperror.HttpErrorMiddleware',
 'scrapy.spidermiddlewares.offsite.OffsiteMiddleware',
 'scrapy.spidermiddlewares.referer.RefererMiddleware',
 'scrapy.spidermiddlewares.urllength.UrlLengthMiddleware',
 'scrapy.spidermiddlewares.depth.DepthMiddleware']
2020-05-26 09:34:30 [scrapy.middleware] INFO: Enabled item pipelines:
[]
2020-05-26 09:34:30 [scrapy.core.engine] INFO: Spider opened
2020-05-26 09:34:30 [scrapy.extensions.logstats] INFO: Crawled 0 pages (at 0 pages/min), scraped 0 items (at 0 items/min)
2020-05-26 09:34:30 [scrapy.extensions.telnet] INFO: Telnet console listening on 127.0.0.1:6023
2020-05-26 09:34:31 [scrapy.core.engine] INFO: Closing spider (finished)
2020-05-26 09:34:31 [scrapy.statscollectors] INFO: Dumping Scrapy stats:
{'downloader/request_bytes': 4081,
 'downloader/request_count': 12,
 'downloader/request_method_count/GET': 12,
 'downloader/response_bytes': 137392,
 'downloader/response_count': 12,
 'downloader/response_status_count/200': 12,
 'elapsed_time_seconds': 0.448989,
 'finish_reason': 'finished',
 'finish_time': datetime.datetime(2020, 5, 26, 12, 34, 31, 228441),
 'log_count/INFO': 10,
 'memusage/max': 54648832,
 'memusage/startup': 54648832,
 'request_depth_max': 1,
 'response_received_count': 12,
 'robotstxt/request_count': 1,
 'robotstxt/response_count': 1,
 'robotstxt/response_status_count/200': 1,
 'scheduler/dequeued': 11,
 'scheduler/dequeued/memory': 11,
 'scheduler/enqueued': 11,
 'scheduler/enqueued/memory': 11,
 'start_time': datetime.datetime(2020, 5, 26, 12, 34, 30, 779452)}
2020-05-26 09:34:31 [scrapy.core.engine] INFO: Spider closed (finished)
2020-05-27 10:07:51 [scrapy.utils.log] INFO: Scrapy 2.1.0 started (bot: sao_paulo)
2020-05-27 10:07:51 [scrapy.utils.log] INFO: Versions: lxml 4.5.0.0, libxml2 2.9.9, cssselect 1.1.0, parsel 1.5.2, w3lib 1.20.0, Twisted 20.3.0, Python 3.7.3 (default, Mar 27 2019, 22:11:17) - [GCC 7.3.0], pyOpenSSL 19.1.0 (OpenSSL 1.1.1g  21 Apr 2020), cryptography 2.8, Platform Linux-5.3.0-1019-aws-x86_64-with-debian-buster-sid
2020-05-27 10:07:51 [scrapy.crawler] INFO: Overridden settings:
{'BOT_NAME': 'sao_paulo',
 'LOG_FILE': 'logfile.log',
 'LOG_LEVEL': 'INFO',
 'NEWSPIDER_MODULE': 'sao_paulo.spiders',
 'ROBOTSTXT_OBEY': True,
 'SPIDER_MODULES': ['sao_paulo.spiders']}
2020-05-27 10:07:51 [scrapy.extensions.telnet] INFO: Telnet Password: 2af90caeb3b918fe
2020-05-27 10:07:51 [scrapy.middleware] INFO: Enabled extensions:
['scrapy.extensions.corestats.CoreStats',
 'scrapy.extensions.telnet.TelnetConsole',
 'scrapy.extensions.memusage.MemoryUsage',
 'scrapy.extensions.logstats.LogStats']
2020-05-27 10:07:51 [scrapy.middleware] INFO: Enabled downloader middlewares:
['scrapy.downloadermiddlewares.robotstxt.RobotsTxtMiddleware',
 'scrapy.downloadermiddlewares.httpauth.HttpAuthMiddleware',
 'scrapy.downloadermiddlewares.downloadtimeout.DownloadTimeoutMiddleware',
 'scrapy.downloadermiddlewares.defaultheaders.DefaultHeadersMiddleware',
 'scrapy.downloadermiddlewares.useragent.UserAgentMiddleware',
 'scrapy.downloadermiddlewares.retry.RetryMiddleware',
 'scrapy.downloadermiddlewares.redirect.MetaRefreshMiddleware',
 'scrapy.downloadermiddlewares.httpcompression.HttpCompressionMiddleware',
 'scrapy.downloadermiddlewares.redirect.RedirectMiddleware',
 'scrapy.downloadermiddlewares.cookies.CookiesMiddleware',
 'scrapy.downloadermiddlewares.httpproxy.HttpProxyMiddleware',
 'scrapy.downloadermiddlewares.stats.DownloaderStats']
2020-05-27 10:07:51 [scrapy.middleware] INFO: Enabled spider middlewares:
['scrapy.spidermiddlewares.httperror.HttpErrorMiddleware',
 'scrapy.spidermiddlewares.offsite.OffsiteMiddleware',
 'scrapy.spidermiddlewares.referer.RefererMiddleware',
 'scrapy.spidermiddlewares.urllength.UrlLengthMiddleware',
 'scrapy.spidermiddlewares.depth.DepthMiddleware']
2020-05-27 10:07:51 [scrapy.middleware] INFO: Enabled item pipelines:
[]
2020-05-27 10:07:51 [scrapy.core.engine] INFO: Spider opened
2020-05-27 10:07:51 [scrapy.extensions.logstats] INFO: Crawled 0 pages (at 0 pages/min), scraped 0 items (at 0 items/min)
2020-05-27 10:07:51 [scrapy.extensions.telnet] INFO: Telnet console listening on 127.0.0.1:6023
2020-05-27 10:07:52 [scrapy.core.engine] INFO: Closing spider (finished)
2020-05-27 10:07:52 [scrapy.statscollectors] INFO: Dumping Scrapy stats:
{'downloader/request_bytes': 4034,
 'downloader/request_count': 12,
 'downloader/request_method_count/GET': 12,
 'downloader/response_bytes': 134794,
 'downloader/response_count': 12,
 'downloader/response_status_count/200': 12,
 'elapsed_time_seconds': 1.056457,
 'finish_reason': 'finished',
 'finish_time': datetime.datetime(2020, 5, 27, 13, 7, 52, 752010),
 'log_count/INFO': 10,
 'memusage/max': 54861824,
 'memusage/startup': 54861824,
 'request_depth_max': 1,
 'response_received_count': 12,
 'robotstxt/request_count': 1,
 'robotstxt/response_count': 1,
 'robotstxt/response_status_count/200': 1,
 'scheduler/dequeued': 11,
 'scheduler/dequeued/memory': 11,
 'scheduler/enqueued': 11,
 'scheduler/enqueued/memory': 11,
 'start_time': datetime.datetime(2020, 5, 27, 13, 7, 51, 695553)}
2020-05-27 10:07:52 [scrapy.core.engine] INFO: Spider closed (finished)
2020-05-28 08:56:53 [scrapy.utils.log] INFO: Scrapy 2.1.0 started (bot: sao_paulo)
2020-05-28 08:56:53 [scrapy.utils.log] INFO: Versions: lxml 4.5.0.0, libxml2 2.9.9, cssselect 1.1.0, parsel 1.5.2, w3lib 1.20.0, Twisted 20.3.0, Python 3.7.3 (default, Mar 27 2019, 22:11:17) - [GCC 7.3.0], pyOpenSSL 19.1.0 (OpenSSL 1.1.1g  21 Apr 2020), cryptography 2.8, Platform Linux-5.3.0-1019-aws-x86_64-with-debian-buster-sid
2020-05-28 08:56:53 [scrapy.crawler] INFO: Overridden settings:
{'BOT_NAME': 'sao_paulo',
 'LOG_FILE': 'logfile.log',
 'LOG_LEVEL': 'INFO',
 'NEWSPIDER_MODULE': 'sao_paulo.spiders',
 'ROBOTSTXT_OBEY': True,
 'SPIDER_MODULES': ['sao_paulo.spiders']}
2020-05-28 08:56:53 [scrapy.extensions.telnet] INFO: Telnet Password: 3766ed83a7d7af17
2020-05-28 08:56:53 [scrapy.middleware] INFO: Enabled extensions:
['scrapy.extensions.corestats.CoreStats',
 'scrapy.extensions.telnet.TelnetConsole',
 'scrapy.extensions.memusage.MemoryUsage',
 'scrapy.extensions.logstats.LogStats']
2020-05-28 08:56:53 [scrapy.middleware] INFO: Enabled downloader middlewares:
['scrapy.downloadermiddlewares.robotstxt.RobotsTxtMiddleware',
 'scrapy.downloadermiddlewares.httpauth.HttpAuthMiddleware',
 'scrapy.downloadermiddlewares.downloadtimeout.DownloadTimeoutMiddleware',
 'scrapy.downloadermiddlewares.defaultheaders.DefaultHeadersMiddleware',
 'scrapy.downloadermiddlewares.useragent.UserAgentMiddleware',
 'scrapy.downloadermiddlewares.retry.RetryMiddleware',
 'scrapy.downloadermiddlewares.redirect.MetaRefreshMiddleware',
 'scrapy.downloadermiddlewares.httpcompression.HttpCompressionMiddleware',
 'scrapy.downloadermiddlewares.redirect.RedirectMiddleware',
 'scrapy.downloadermiddlewares.cookies.CookiesMiddleware',
 'scrapy.downloadermiddlewares.httpproxy.HttpProxyMiddleware',
 'scrapy.downloadermiddlewares.stats.DownloaderStats']
2020-05-28 08:56:53 [scrapy.middleware] INFO: Enabled spider middlewares:
['scrapy.spidermiddlewares.httperror.HttpErrorMiddleware',
 'scrapy.spidermiddlewares.offsite.OffsiteMiddleware',
 'scrapy.spidermiddlewares.referer.RefererMiddleware',
 'scrapy.spidermiddlewares.urllength.UrlLengthMiddleware',
 'scrapy.spidermiddlewares.depth.DepthMiddleware']
2020-05-28 08:56:53 [scrapy.middleware] INFO: Enabled item pipelines:
[]
2020-05-28 08:56:53 [scrapy.core.engine] INFO: Spider opened
2020-05-28 08:56:53 [scrapy.extensions.logstats] INFO: Crawled 0 pages (at 0 pages/min), scraped 0 items (at 0 items/min)
2020-05-28 08:56:53 [scrapy.extensions.telnet] INFO: Telnet console listening on 127.0.0.1:6023
2020-05-28 08:56:53 [scrapy.core.engine] INFO: Closing spider (finished)
2020-05-28 08:56:53 [scrapy.statscollectors] INFO: Dumping Scrapy stats:
{'downloader/request_bytes': 4059,
 'downloader/request_count': 12,
 'downloader/request_method_count/GET': 12,
 'downloader/response_bytes': 142061,
 'downloader/response_count': 12,
 'downloader/response_status_count/200': 12,
 'elapsed_time_seconds': 0.802193,
 'finish_reason': 'finished',
 'finish_time': datetime.datetime(2020, 5, 28, 11, 56, 53, 957979),
 'log_count/INFO': 10,
 'memusage/max': 54788096,
 'memusage/startup': 54788096,
 'request_depth_max': 1,
 'response_received_count': 12,
 'robotstxt/request_count': 1,
 'robotstxt/response_count': 1,
 'robotstxt/response_status_count/200': 1,
 'scheduler/dequeued': 11,
 'scheduler/dequeued/memory': 11,
 'scheduler/enqueued': 11,
 'scheduler/enqueued/memory': 11,
 'start_time': datetime.datetime(2020, 5, 28, 11, 56, 53, 155786)}
2020-05-28 08:56:53 [scrapy.core.engine] INFO: Spider closed (finished)
